This is pdfTeX, Version 3.141592653-2.6-1.40.26 (TeX Live 2024) (preloaded format=pdflatex 2024.10.17)  7 MAR 2025 14:26
entering extended mode
 restricted \write18 enabled.
 file:line:error style messages enabled.
 %&-line parsing enabled.
**"/Users/henrybloom/Desktop/MENG 25500/MENG255UmbrellaSampling/Writeup/math.tex"
(/Users/henrybloom/Desktop/MENG 25500/MENG255UmbrellaSampling/Writeup/math.tex
LaTeX2e <2023-11-01> patch level 1
L3 programming layer <2024-02-20>
(/usr/local/texlive/2024/texmf-dist/tex/latex/base/article.cls
Document Class: article 2023/05/17 v1.4n Standard LaTeX document class
(/usr/local/texlive/2024/texmf-dist/tex/latex/base/size10.clo
File: size10.clo 2023/05/17 v1.4n Standard LaTeX file (size option)
)
\c@part=\count188
\c@section=\count189
\c@subsection=\count190
\c@subsubsection=\count191
\c@paragraph=\count192
\c@subparagraph=\count193
\c@figure=\count194
\c@table=\count195
\abovecaptionskip=\skip48
\belowcaptionskip=\skip49
\bibindent=\dimen140
) (/usr/local/texlive/2024/texmf-dist/tex/latex/amsmath/amsmath.sty
Package: amsmath 2023/05/13 v2.17o AMS math features
\@mathmargin=\skip50

For additional information on amsmath, use the `?' option.
(/usr/local/texlive/2024/texmf-dist/tex/latex/amsmath/amstext.sty
Package: amstext 2021/08/26 v2.01 AMS text
 (/usr/local/texlive/2024/texmf-dist/tex/latex/amsmath/amsgen.sty
File: amsgen.sty 1999/11/30 v2.0 generic functions
\@emptytoks=\toks17
\ex@=\dimen141
)) (/usr/local/texlive/2024/texmf-dist/tex/latex/amsmath/amsbsy.sty
Package: amsbsy 1999/11/29 v1.2d Bold Symbols
\pmbraise@=\dimen142
) (/usr/local/texlive/2024/texmf-dist/tex/latex/amsmath/amsopn.sty
Package: amsopn 2022/04/08 v2.04 operator names
)
\inf@bad=\count196
LaTeX Info: Redefining \frac on input line 234.
\uproot@=\count197
\leftroot@=\count198
LaTeX Info: Redefining \overline on input line 399.
LaTeX Info: Redefining \colon on input line 410.
\classnum@=\count199
\DOTSCASE@=\count266
LaTeX Info: Redefining \ldots on input line 496.
LaTeX Info: Redefining \dots on input line 499.
LaTeX Info: Redefining \cdots on input line 620.
\Mathstrutbox@=\box51
\strutbox@=\box52
LaTeX Info: Redefining \big on input line 722.
LaTeX Info: Redefining \Big on input line 723.
LaTeX Info: Redefining \bigg on input line 724.
LaTeX Info: Redefining \Bigg on input line 725.
\big@size=\dimen143
LaTeX Font Info:    Redeclaring font encoding OML on input line 743.
LaTeX Font Info:    Redeclaring font encoding OMS on input line 744.
\macc@depth=\count267
LaTeX Info: Redefining \bmod on input line 905.
LaTeX Info: Redefining \pmod on input line 910.
LaTeX Info: Redefining \smash on input line 940.
LaTeX Info: Redefining \relbar on input line 970.
LaTeX Info: Redefining \Relbar on input line 971.
\c@MaxMatrixCols=\count268
\dotsspace@=\muskip16
\c@parentequation=\count269
\dspbrk@lvl=\count270
\tag@help=\toks18
\row@=\count271
\column@=\count272
\maxfields@=\count273
\andhelp@=\toks19
\eqnshift@=\dimen144
\alignsep@=\dimen145
\tagshift@=\dimen146
\tagwidth@=\dimen147
\totwidth@=\dimen148
\lineht@=\dimen149
\@envbody=\toks20
\multlinegap=\skip51
\multlinetaggap=\skip52
\mathdisplay@stack=\toks21
LaTeX Info: Redefining \[ on input line 2953.
LaTeX Info: Redefining \] on input line 2954.
) (/usr/local/texlive/2024/texmf-dist/tex/latex/graphics/graphicx.sty
Package: graphicx 2021/09/16 v1.2d Enhanced LaTeX Graphics (DPC,SPQR)
 (/usr/local/texlive/2024/texmf-dist/tex/latex/graphics/keyval.sty
Package: keyval 2022/05/29 v1.15 key=value parser (DPC)
\KV@toks@=\toks22
) (/usr/local/texlive/2024/texmf-dist/tex/latex/graphics/graphics.sty
Package: graphics 2022/03/10 v1.4e Standard LaTeX Graphics (DPC,SPQR)
 (/usr/local/texlive/2024/texmf-dist/tex/latex/graphics/trig.sty
Package: trig 2021/08/11 v1.11 sin cos tan (DPC)
) (/usr/local/texlive/2024/texmf-dist/tex/latex/graphics-cfg/graphics.cfg
File: graphics.cfg 2016/06/04 v1.11 sample graphics configuration
)
Package graphics Info: Driver file: pdftex.def on input line 107.
 (/usr/local/texlive/2024/texmf-dist/tex/latex/graphics-def/pdftex.def
File: pdftex.def 2022/09/22 v1.2b Graphics/color driver for pdftex
))
\Gin@req@height=\dimen150
\Gin@req@width=\dimen151
) (/usr/local/texlive/2024/texmf-dist/tex/latex/subfig/subfig.sty
Package: subfig 2005/06/28 ver: 1.3 subfig package
 (/usr/local/texlive/2024/texmf-dist/tex/latex/caption/caption.sty
Package: caption 2023/08/05 v3.6o Customizing captions (AR)
 (/usr/local/texlive/2024/texmf-dist/tex/latex/caption/caption3.sty
Package: caption3 2023/07/31 v2.4d caption3 kernel (AR)
\caption@tempdima=\dimen152
\captionmargin=\dimen153
\caption@leftmargin=\dimen154
\caption@rightmargin=\dimen155
\caption@width=\dimen156
\caption@indent=\dimen157
\caption@parindent=\dimen158
\caption@hangindent=\dimen159
Package caption Info: Standard document class detected.
)
\c@caption@flags=\count274
\c@continuedfloat=\count275
)
\c@KVtest=\count276
\sf@farskip=\skip53
\sf@captopadj=\dimen160
\sf@capskip=\skip54
\sf@nearskip=\skip55
\c@subfigure=\count277
\c@subfigure@save=\count278
\c@lofdepth=\count279
\c@subtable=\count280
\c@subtable@save=\count281
\c@lotdepth=\count282
\sf@top=\skip56
\sf@bottom=\skip57
) (/usr/local/texlive/2024/texmf-dist/tex/latex/l3backend/l3backend-pdftex.def
File: l3backend-pdftex.def 2024-02-20 L3 backend support: PDF output (pdfTeX)
\l__color_backend_stack_int=\count283
\l__pdf_internal_box=\box53
) (./math.aux

LaTeX Warning: Label `fig:unbiased_densities' multiply defined.

)
\openout1 = `math.aux'.

LaTeX Font Info:    Checking defaults for OML/cmm/m/it on input line 11.
LaTeX Font Info:    ... okay on input line 11.
LaTeX Font Info:    Checking defaults for OMS/cmsy/m/n on input line 11.
LaTeX Font Info:    ... okay on input line 11.
LaTeX Font Info:    Checking defaults for OT1/cmr/m/n on input line 11.
LaTeX Font Info:    ... okay on input line 11.
LaTeX Font Info:    Checking defaults for T1/cmr/m/n on input line 11.
LaTeX Font Info:    ... okay on input line 11.
LaTeX Font Info:    Checking defaults for TS1/cmr/m/n on input line 11.
LaTeX Font Info:    ... okay on input line 11.
LaTeX Font Info:    Checking defaults for OMX/cmex/m/n on input line 11.
LaTeX Font Info:    ... okay on input line 11.
LaTeX Font Info:    Checking defaults for U/cmr/m/n on input line 11.
LaTeX Font Info:    ... okay on input line 11.
 (/usr/local/texlive/2024/texmf-dist/tex/context/base/mkii/supp-pdf.mkii
[Loading MPS to PDF converter (version 2006.09.02).]
\scratchcounter=\count284
\scratchdimen=\dimen161
\scratchbox=\box54
\nofMPsegments=\count285
\nofMParguments=\count286
\everyMPshowfont=\toks23
\MPscratchCnt=\count287
\MPscratchDim=\dimen162
\MPnumerator=\count288
\makeMPintoPDFobject=\count289
\everyMPtoPDFconversion=\toks24
) (/usr/local/texlive/2024/texmf-dist/tex/latex/epstopdf-pkg/epstopdf-base.sty
Package: epstopdf-base 2020-01-24 v2.11 Base part for package epstopdf
Package epstopdf-base Info: Redefining graphics rule for `.eps' on input line 485.
 (/usr/local/texlive/2024/texmf-dist/tex/latex/latexconfig/epstopdf-sys.cfg
File: epstopdf-sys.cfg 2010/07/13 v1.3 Configuration of (r)epstopdf for TeX Live
))
Package caption Info: Begin \AtBeginDocument code.
Package caption Info: subfig package v1.3 is loaded.
Package caption Info: End \AtBeginDocument code.
<images/motivation_img.png, id=1, 470.75874pt x 353.32pt>
File: images/motivation_img.png Graphic file (type png)
<use images/motivation_img.png>
Package pdftex.def Info: images/motivation_img.png  used on input line 21.
(pdftex.def)             Requested size: 207.0021pt x 155.36423pt.
 [1

{/usr/local/texlive/2024/texmf-var/fonts/map/pdftex/updmap/pdftex.map} <./images/motivation_img.png>]
<images/two_well_with_bias.png, id=15, 714.7503pt x 426.393pt>
File: images/two_well_with_bias.png Graphic file (type png)
<use images/two_well_with_bias.png>
Package pdftex.def Info: images/two_well_with_bias.png  used on input line 46.
(pdftex.def)             Requested size: 158.70232pt x 94.67207pt.
<images/two_well_all_bias.png, id=16, 714.7503pt x 426.393pt>
File: images/two_well_all_bias.png Graphic file (type png)
<use images/two_well_all_bias.png>
Package pdftex.def Info: images/two_well_all_bias.png  used on input line 48.
(pdftex.def)             Requested size: 158.70232pt x 94.67207pt.
 [2 <./images/two_well_with_bias.png> <./images/two_well_all_bias.png>]
Underfull \hbox (badness 10000) in paragraph at lines 86--90

 []

[3]
Underfull \hbox (badness 10000) in paragraph at lines 90--95

 []

<images/two_well_V.png, id=33, 609.9588pt x 393.8715pt>
File: images/two_well_V.png Graphic file (type png)
<use images/two_well_V.png>
Package pdftex.def Info: images/two_well_V.png  used on input line 111.
(pdftex.def)             Requested size: 158.70232pt x 102.47629pt.
<images/multi_well_V.png, id=34, 625.8582pt x 393.8715pt>
File: images/multi_well_V.png Graphic file (type png)
<use images/multi_well_V.png>
Package pdftex.def Info: images/multi_well_V.png  used on input line 113.
(pdftex.def)             Requested size: 158.70232pt x 99.87396pt.

LaTeX Warning: `h' float specifier changed to `ht'.

[4]
<images/two_well_V_trace_plot.png, id=39, 859.2903pt x 570.933pt>
File: images/two_well_V_trace_plot.png Graphic file (type png)
<use images/two_well_V_trace_plot.png>
Package pdftex.def Info: images/two_well_V_trace_plot.png  used on input line 172.
(pdftex.def)             Requested size: 158.70232pt x 105.438pt.
<images/two_well_window_sample_dens.png, id=40, 859.2903pt x 570.933pt>
File: images/two_well_window_sample_dens.png Graphic file (type png)
<use images/two_well_window_sample_dens.png>
Package pdftex.def Info: images/two_well_window_sample_dens.png  used on input line 174.
(pdftex.def)             Requested size: 158.70232pt x 105.438pt.


LaTeX Warning: `h' float specifier changed to `ht'.


Underfull \hbox (badness 10000) in paragraph at lines 179--182

 []

[5 <./images/two_well_V.png> <./images/multi_well_V.png>]
<images/two_well_wham.png, id=47, 679.338pt x 426.393pt>
File: images/two_well_wham.png Graphic file (type png)
<use images/two_well_wham.png>
Package pdftex.def Info: images/two_well_wham.png  used on input line 187.
(pdftex.def)             Requested size: 155.24895pt x 97.44373pt.
<images/two_well_free_energy.png, id=48, 714.7503pt x 426.393pt>
File: images/two_well_free_energy.png Graphic file (type png)
<use images/two_well_free_energy.png>
Package pdftex.def Info: images/two_well_free_energy.png  used on input line 189.
(pdftex.def)             Requested size: 162.15042pt x 96.73454pt.
 [6 <./images/two_well_V_trace_plot.png> <./images/two_well_window_sample_dens.png> <./images/two_well_wham.png> <./images/two_well_free_energy.png>]
<images/metro_hastings_density.png, id=56, 859.2903pt x 570.933pt>
File: images/metro_hastings_density.png Graphic file (type png)
<use images/metro_hastings_density.png>
Package pdftex.def Info: images/metro_hastings_density.png  used on input line 204.
(pdftex.def)             Requested size: 158.70232pt x 105.438pt.
<images/metro_hastings_energy.png, id=57, 859.2903pt x 570.933pt>
File: images/metro_hastings_energy.png Graphic file (type png)
<use images/metro_hastings_energy.png>
Package pdftex.def Info: images/metro_hastings_energy.png  used on input line 206.
(pdftex.def)             Requested size: 158.70232pt x 105.438pt.
<images/multi_well_wham.png, id=58, 680.7834pt x 426.393pt>
File: images/multi_well_wham.png Graphic file (type png)
<use images/multi_well_wham.png>
Package pdftex.def Info: images/multi_well_wham.png  used on input line 219.
(pdftex.def)             Requested size: 155.24895pt x 97.23552pt.
<images/multi_well_free_energy.png, id=59, 714.7503pt x 426.393pt>
File: images/multi_well_free_energy.png Graphic file (type png)
<use images/multi_well_free_energy.png>
Package pdftex.def Info: images/multi_well_free_energy.png  used on input line 221.
(pdftex.def)             Requested size: 162.15042pt x 96.73454pt.


LaTeX Warning: `h' float specifier changed to `ht'.

[7 <./images/metro_hastings_density.png> <./images/metro_hastings_energy.png>] [8 <./images/multi_well_wham.png> <./images/multi_well_free_energy.png>] (./math.aux)
 ***********
LaTeX2e <2023-11-01> patch level 1
L3 programming layer <2024-02-20>
 ***********


LaTeX Warning: There were multiply-defined labels.

 ) 
Here is how much of TeX's memory you used:
 3617 strings out of 474116
 62683 string characters out of 5743681
 1936187 words of memory out of 5000000
 25985 multiletter control sequences out of 15000+600000
 563798 words of font info for 56 fonts, out of 8000000 for 9000
 1141 hyphenation exceptions out of 8191
 69i,10n,79p,947b,401s stack positions out of 10000i,1000n,20000p,200000b,200000s
</usr/local/texlive/2024/texmf-dist/fonts/type1/public/amsfonts/cm/cmbx10.pfb></usr/local/texlive/2024/texmf-dist/fonts/type1/public/amsfonts/cm/cmbx12.pfb></usr/local/texlive/2024/texmf-dist/fonts/type1/public/amsfonts/cm/cmex10.pfb></usr/local/texlive/2024/texmf-dist/fonts/type1/public/amsfonts/cm/cmmi10.pfb></usr/local/texlive/2024/texmf-dist/fonts/type1/public/amsfonts/cm/cmmi5.pfb></usr/local/texlive/2024/texmf-dist/fonts/type1/public/amsfonts/cm/cmmi7.pfb></usr/local/texlive/2024/texmf-dist/fonts/type1/public/amsfonts/cm/cmr10.pfb></usr/local/texlive/2024/texmf-dist/fonts/type1/public/amsfonts/cm/cmr12.pfb></usr/local/texlive/2024/texmf-dist/fonts/type1/public/amsfonts/cm/cmr17.pfb></usr/local/texlive/2024/texmf-dist/fonts/type1/public/amsfonts/cm/cmr5.pfb></usr/local/texlive/2024/texmf-dist/fonts/type1/public/amsfonts/cm/cmr7.pfb></usr/local/texlive/2024/texmf-dist/fonts/type1/public/amsfonts/cm/cmr8.pfb></usr/local/texlive/2024/texmf-dist/fonts/type1/public/amsfonts/cm/cmsy10.pfb></usr/local/texlive/2024/texmf-dist/fonts/type1/public/amsfonts/cm/cmsy5.pfb></usr/local/texlive/2024/texmf-dist/fonts/type1/public/amsfonts/cm/cmsy7.pfb></usr/local/texlive/2024/texmf-dist/fonts/type1/public/amsfonts/cm/cmti10.pfb>
Output written on math.pdf (8 pages, 2187679 bytes).
PDF statistics:
 138 PDF objects out of 1000 (max. 8388607)
 69 compressed objects within 1 object stream
 0 named destinations out of 1000 (max. 500000)
 66 words of extra memory for PDF output out of 10000 (max. 10000000)

